[11/May/2026 15:15:41] "GET / HTTP/1.1" 302 0
[11/May/2026 15:15:41] "GET /usuarios/login/?next=/ HTTP/1.1" 200 6201
[11/May/2026 15:15:41,343] - Broken pipe from ('127.0.0.1', 56399)
[11/May/2026 15:16:27] "GET / HTTP/1.1" 302 0
[11/May/2026 15:16:27] "GET /usuarios/login/?next=/ HTTP/1.1" 200 6201
[11/May/2026 15:16:28] "GET /favicon.ico HTTP/1.1" 404 179
[11/May/2026 15:16:33] "POST /usuarios/login/?next=/ HTTP/1.1" 302 0
[11/May/2026 15:16:33] "GET / HTTP/1.1" 200 25912
[11/May/2026 15:19:26] "GET /clientes/ HTTP/1.1" 200 25413
[11/May/2026 15:19:28] "GET /productos/ HTTP/1.1" 200 25765
[11/May/2026 15:19:29] "GET /pedidos/ HTTP/1.1" 200 24554
[11/May/2026 15:19:30] "GET /ventas/ HTTP/1.1" 200 23345
[11/May/2026 15:19:30] "GET /pedidos/ HTTP/1.1" 200 24554
[11/May/2026 15:19:31] "GET /ventas/ HTTP/1.1" 200 23345
[11/May/2026 15:19:32] "GET /admin/ HTTP/1.1" 200 9452
[11/May/2026 15:19:32] "GET /static/admin/css/base.css HTTP/1.1" 404 179
[11/May/2026 15:19:32] "GET /static/admin/css/nav_sidebar.css HTTP/1.1" 404 179
[11/May/2026 15:19:32] "GET /static/admin/css/dark_mode.css HTTP/1.1" 404 179
[11/May/2026 15:19:32] "GET /static/admin/css/dashboard.css HTTP/1.1" 404 179
[11/May/2026 15:19:32] "GET /static/admin/css/responsive.css HTTP/1.1" 404 179
[11/May/2026 15:19:32] "GET /static/admin/js/theme.js HTTP/1.1" 404 179
[11/May/2026 15:19:32] "GET /static/admin/js/nav_sidebar.js HTTP/1.1" 404 179
[11/May/2026 15:19:37] "GET /admin/ HTTP/1.1" 200 9452
[11/May/2026 15:19:37] "GET /static/admin/css/dark_mode.css HTTP/1.1" 404 179
[11/May/2026 15:19:37] "GET /static/admin/css/base.css HTTP/1.1" 404 179
[11/May/2026 15:19:37] "GET /static/admin/css/responsive.css HTTP/1.1" 404 179
[11/May/2026 15:19:37] "GET /static/admin/js/theme.js HTTP/1.1" 404 179
[11/May/2026 15:19:37] "GET /static/admin/css/nav_sidebar.css HTTP/1.1" 404 179
[11/May/2026 15:19:37] "GET /static/admin/css/dashboard.css HTTP/1.1" 404 179
[11/May/2026 15:19:37] "GET /static/admin/js/nav_sidebar.js HTTP/1.1" 404 179
[11/May/2026 15:19:38] "GET /reclamos/ HTTP/1.1" 200 24294
[11/May/2026 15:19:41] "GET /admin/ HTTP/1.1" 200 9452
[11/May/2026 15:19:42] "GET /static/admin/css/base.css HTTP/1.1" 404 179
[11/May/2026 15:19:42] "GET /static/admin/js/theme.js HTTP/1.1" 404 179
[11/May/2026 15:19:42] "GET /static/admin/css/nav_sidebar.css HTTP/1.1" 404 179
[11/May/2026 15:19:42] "GET /static/admin/css/dark_mode.css HTTP/1.1" 404 179
[11/May/2026 15:19:42] "GET /static/admin/css/dashboard.css HTTP/1.1" 404 179
[11/May/2026 15:19:42] "GET /static/admin/css/responsive.css HTTP/1.1" 404 179
[11/May/2026 15:19:42] "GET /static/admin/js/nav_sidebar.js HTTP/1.1" 404 179
[11/May/2026 15:19:44] "GET /usuarios/logout/ HTTP/1.1" 302 0
[11/May/2026 15:19:44] "GET /usuarios/login/ HTTP/1.1" 200 6201
[11/May/2026 15:19:51] "POST /usuarios/login/ HTTP/1.1" 200 6323
[11/May/2026 15:20:02] "POST /usuarios/login/ HTTP/1.1" 302 0
[11/May/2026 15:20:02] "GET / HTTP/1.1" 200 25749
[11/May/2026 15:20:15] "GET /usuarios/logout/ HTTP/1.1" 302 0
[11/May/2026 15:20:15] "GET /usuarios/login/ HTTP/1.1" 200 6201
[11/May/2026 15:20:19] "POST /usuarios/login/ HTTP/1.1" 302 0
[11/May/2026 15:20:19] "GET / HTTP/1.1" 200 25407
[11/May/2026 15:20:25] "GET /usuarios/logout/ HTTP/1.1" 302 0
[11/May/2026 15:20:25] "GET /usuarios/login/ HTTP/1.1" 200 6201
[11/May/2026 15:20:30] "POST /usuarios/login/ HTTP/1.1" 302 0
[11/May/2026 15:20:30] "GET / HTTP/1.1" 200 25282
[11/May/2026 15:27:59] "GET / HTTP/1.1" 200 25282
[11/May/2026 15:30:16] "GET / HTTP/1.1" 302 0
[11/May/2026 15:30:16] "GET /usuarios/login/?next=/ HTTP/1.1" 200 6206
[11/May/2026 15:30:16,284] - Broken pipe from ('127.0.0.1', 51779)
[11/May/2026 15:31:57] "GET / HTTP/1.1" 302 0
[11/May/2026 15:31:57] "GET /usuarios/login/?next=/ HTTP/1.1" 200 6206
[11/May/2026 15:31:57,737] - Broken pipe from ('127.0.0.1', 51785)
[11/May/2026 15:32:04] "GET /static/admin/css/base.css HTTP/1.1" 404 179
[11/May/2026 15:32:04,486] - Broken pipe from ('127.0.0.1', 51806)
[11/May/2026 15:32:26] "GET / HTTP/1.1" 302 0
[11/May/2026 15:32:26] "GET /usuarios/login/?next=/ HTTP/1.1" 200 6206
[11/May/2026 15:32:26,054] - Broken pipe from ('127.0.0.1', 65302)
[11/May/2026 15:32:27] "GET /static/admin/css/base.css HTTP/1.1" 404 179
[11/May/2026 15:32:27,114] - Broken pipe from ('127.0.0.1', 65304)
[11/May/2026 15:33:26] "GET /usuarios/logout/ HTTP/1.1" 302 0
[11/May/2026 15:33:26] "GET /usuarios/login/ HTTP/1.1" 200 6206
[11/May/2026 15:33:31] "POST /usuarios/login/ HTTP/1.1" 302 0
[11/May/2026 15:33:31] "GET / HTTP/1.1" 200 34590
[11/May/2026 15:34:34] "GET /ventas/ HTTP/1.1" 200 23350
[11/May/2026 15:34:38] "GET /pedidos/ HTTP/1.1" 200 24559
[11/May/2026 15:34:41] "GET /pedidos/ HTTP/1.1" 200 24559
[11/May/2026 15:37:42] "GET / HTTP/1.1" 200 34590
[11/May/2026 15:37:51] "GET /ventas/ HTTP/1.1" 200 23350
[11/May/2026 15:37:54] "GET /pedidos/ HTTP/1.1" 200 24559
[11/May/2026 15:37:56] "GET /productos/ HTTP/1.1" 200 25770
[11/May/2026 15:37:57] "GET / HTTP/1.1" 200 34590
[11/May/2026 15:41:20] "GET / HTTP/1.1" 302 0
[11/May/2026 15:41:20] "GET /usuarios/login/?next=/ HTTP/1.1" 200 6206
[11/May/2026 15:41:24] "POST /usuarios/login/?next=/ HTTP/1.1" 302 0
[11/May/2026 15:41:24] "GET / HTTP/1.1" 200 35633
[11/May/2026 15:41:37] "GET /productos/ HTTP/1.1" 200 25879
[11/May/2026 15:41:46] "GET /pedidos/ HTTP/1.1" 200 24559
[11/May/2026 15:41:49] "GET /ventas/ HTTP/1.1" 200 23350
[11/May/2026 15:41:53] "GET /pedidos/ HTTP/1.1" 200 24559
[11/May/2026 15:41:54] "GET /productos/ HTTP/1.1" 200 25879
[11/May/2026 15:41:54] "GET /clientes/ HTTP/1.1" 200 25406
[11/May/2026 15:41:56] "GET / HTTP/1.1" 200 35633
[11/May/2026 15:41:57] "GET /clientes/ HTTP/1.1" 200 25406
[11/May/2026 15:42:00] "GET / HTTP/1.1" 200 35633
[11/May/2026 15:42:10] "GET /clientes/ HTTP/1.1" 200 25406
[11/May/2026 15:42:16] "GET /productos/ HTTP/1.1" 200 25879
[11/May/2026 15:42:25] "GET /clientes/ HTTP/1.1" 200 25406
[11/May/2026 15:42:28] "GET / HTTP/1.1" 200 35633
[11/May/2026 15:42:48] "GET /reclamos/ HTTP/1.1" 200 24308
[11/May/2026 15:42:50] "GET /reclamos/54/ HTTP/1.1" 200 9229
[11/May/2026 15:42:53] "GET /reclamos/53/ HTTP/1.1" 200 9233
[11/May/2026 15:42:59] "GET /reclamos/53/editar/ HTTP/1.1" 200 18619
[11/May/2026 15:43:07] "GET /reclamos/ HTTP/1.1" 200 24308
[11/May/2026 15:43:10] "GET /reclamos/53/editar/ HTTP/1.1" 200 18619
[11/May/2026 15:43:19] "GET /reclamos/ HTTP/1.1" 200 24308
[11/May/2026 15:43:21] "GET /reclamos/54/editar/ HTTP/1.1" 200 18619
[11/May/2026 15:43:23] "POST /reclamos/54/editar/ HTTP/1.1" 200 18619
[11/May/2026 15:43:25] "POST /reclamos/54/editar/ HTTP/1.1" 200 18619
[11/May/2026 15:43:26] "POST /reclamos/54/editar/ HTTP/1.1" 200 18619
[11/May/2026 15:43:26] "POST /reclamos/54/editar/ HTTP/1.1" 200 18619
[11/May/2026 15:43:27] "GET /reclamos/ HTTP/1.1" 200 24308
[11/May/2026 15:43:29] "GET /reclamos/54/ HTTP/1.1" 200 9229
[11/May/2026 15:43:30] "GET /reclamos/ HTTP/1.1" 200 24308
[11/May/2026 16:07:09] "GET / HTTP/1.1" 200 35633
[11/May/2026 16:07:34] "GET / HTTP/1.1" 302 0
[11/May/2026 16:07:34] "GET /usuarios/login/?next=/ HTTP/1.1" 200 6206
[11/May/2026 16:07:34,251] - Broken pipe from ('127.0.0.1', 58301)
[11/May/2026 16:07:44] "GET /clientes/crear/ HTTP/1.1" 200 10580
[11/May/2026 16:08:56] "GET / HTTP/1.1" 302 0
[11/May/2026 16:08:56] "GET /usuarios/login/?next=/ HTTP/1.1" 200 6206
[11/May/2026 16:08:56,626] - Broken pipe from ('127.0.0.1', 60383)
[11/May/2026 16:09:40] "GET / HTTP/1.1" 200 35633
[11/May/2026 16:09:42] "GET /clientes/ HTTP/1.1" 200 25406
[11/May/2026 16:09:45] "GET /clientes/86/editar/ HTTP/1.1" 200 10647
[11/May/2026 16:09:51] "GET /productos/ HTTP/1.1" 200 26039
[11/May/2026 16:09:53] "GET /productos/31/editar/ HTTP/1.1" 200 10624
[11/May/2026 16:09:55] "GET /pedidos/ HTTP/1.1" 200 24619
[11/May/2026 16:09:56] "GET /pedidos/61/ HTTP/1.1" 200 10198
[11/May/2026 16:10:00] "GET /pedidos/61/editar/ HTTP/1.1" 200 26329
[11/May/2026 16:10:06] "GET /ventas/ HTTP/1.1" 200 23390
[11/May/2026 16:10:07] "GET /ventas/37/editar/ HTTP/1.1" 200 11309
[11/May/2026 16:10:10] "GET /reclamos/ HTTP/1.1" 200 24428
[11/May/2026 16:10:11] "GET /reclamos/54/editar/ HTTP/1.1" 200 18619
[11/May/2026 16:10:17] "GET /reclamos/ HTTP/1.1" 200 24428
[11/May/2026 16:10:21] "GET /reclamos/51/editar/ HTTP/1.1" 200 18619
[11/May/2026 16:10:23] "GET /reclamos/ HTTP/1.1" 200 24428
[11/May/2026 16:10:25] "GET /admin/ HTTP/1.1" 200 9452
[11/May/2026 16:10:25] "GET /static/admin/js/theme.js HTTP/1.1" 404 179
[11/May/2026 16:10:25] "GET /static/admin/css/base.css HTTP/1.1" 404 179
[11/May/2026 16:10:25] "GET /static/admin/css/dashboard.css HTTP/1.1" 404 179
[11/May/2026 16:10:25] "GET /static/admin/css/responsive.css HTTP/1.1" 404 179
[11/May/2026 16:10:25] "GET /static/admin/css/dark_mode.css HTTP/1.1" 404 179
[11/May/2026 16:10:25] "GET /static/admin/css/nav_sidebar.css HTTP/1.1" 404 179
[11/May/2026 16:10:25] "GET /static/admin/js/nav_sidebar.js HTTP/1.1" 404 179
[11/May/2026 16:10:36] "GET /reclamos/54/editar/ HTTP/1.1" 200 18619
[11/May/2026 16:10:41] "POST /reclamos/54/editar/ HTTP/1.1" 200 18619
[11/May/2026 16:10:42] "POST /reclamos/54/editar/ HTTP/1.1" 200 18619
[11/May/2026 16:10:42] "POST /reclamos/54/editar/ HTTP/1.1" 200 18619
[11/May/2026 16:10:43] "POST /reclamos/54/editar/ HTTP/1.1" 200 18619
[11/May/2026 16:10:43] "GET /reclamos/ HTTP/1.1" 200 24428
[11/May/2026 16:11:06] "GET /reclamos/40/editar/ HTTP/1.1" 200 18620
[11/May/2026 16:11:08] "GET /reclamos/ HTTP/1.1" 200 24428
[11/May/2026 16:11:09] "GET /usuarios/logout/ HTTP/1.1" 302 0
[11/May/2026 16:11:09] "GET /usuarios/login/ HTTP/1.1" 200 6206
[11/May/2026 16:11:10] "GET /usuarios/login/ HTTP/1.1" 200 6206
[11/May/2026 16:11:14] "POST /usuarios/login/ HTTP/1.1" 302 0
[11/May/2026 16:11:14] "GET / HTTP/1.1" 200 35633
[11/May/2026 16:11:31] "GET /clientes/ HTTP/1.1" 200 25406
[11/May/2026 16:11:33] "GET /reclamos/ HTTP/1.1" 200 24428
[11/May/2026 16:11:34] "GET /reclamos/53/editar/ HTTP/1.1" 200 18619
[11/May/2026 16:11:40] "GET /reclamos/ HTTP/1.1" 200 24428
[11/May/2026 16:11:49] "GET /reclamos/53/eliminar/ HTTP/1.1" 200 7620
[11/May/2026 16:11:52] "POST /reclamos/53/eliminar/ HTTP/1.1" 302 0
[11/May/2026 16:11:52] "GET /reclamos/ HTTP/1.1" 200 24766
[11/May/2026 16:11:55] "GET /reclamos/52/ HTTP/1.1" 200 9235
[11/May/2026 16:11:57] "GET /reclamos/ HTTP/1.1" 200 24423
[11/May/2026 16:11:58] "GET /reclamos/54/editar/ HTTP/1.1" 200 18619
[11/May/2026 16:12:00] "POST /reclamos/54/editar/ HTTP/1.1" 200 18619
[11/May/2026 16:12:02] "GET /reclamos/ HTTP/1.1" 200 24423
[11/May/2026 16:16:12] "GET /reclamos/ HTTP/1.1" 200 53151
[11/May/2026 16:16:23] "GET /reclamos/54/editar/ HTTP/1.1" 200 19104
[11/May/2026 16:16:24] "GET /reclamos/ HTTP/1.1" 200 53151
[11/May/2026 16:16:29] "POST /reclamos/52/estado/resuelto/ HTTP/1.1" 302 0
[11/May/2026 16:16:29] "GET /reclamos/ HTTP/1.1" 200 53492
[11/May/2026 16:17:04] "GET /ventas/ HTTP/1.1" 200 23390
[11/May/2026 16:17:05] "GET /ventas/nuevo/ HTTP/1.1" 200 11236
[11/May/2026 16:17:06] "GET /ventas/ HTTP/1.1" 200 23390
[11/May/2026 16:17:06] "GET /ventas/37/editar/ HTTP/1.1" 200 11309
[11/May/2026 16:17:08] "GET /ventas/ HTTP/1.1" 200 23390
[11/May/2026 16:17:09] "GET /pedidos/ HTTP/1.1" 200 24619
[11/May/2026 16:17:10] "GET /pedidos/61/editar/ HTTP/1.1" 200 26329
[11/May/2026 16:17:15] "GET /pedidos/ HTTP/1.1" 200 24619
[11/May/2026 16:17:17] "GET /pedidos/61/editar/ HTTP/1.1" 200 26329
[11/May/2026 16:17:20] "GET /pedidos/ HTTP/1.1" 200 24619
[11/May/2026 16:17:21] "GET /productos/ HTTP/1.1" 200 26039
[11/May/2026 16:17:22] "GET /pedidos/ HTTP/1.1" 200 24619
[11/May/2026 16:17:23] "GET /productos/ HTTP/1.1" 200 26039
[11/May/2026 16:17:24] "GET /productos/31/editar/ HTTP/1.1" 200 10624
[11/May/2026 16:17:27] "GET /clientes/ HTTP/1.1" 200 25406
[11/May/2026 16:17:28] "GET /clientes/86/editar/ HTTP/1.1" 200 10647
[11/May/2026 16:17:31] "GET /ventas/ HTTP/1.1" 200 23390
[11/May/2026 16:17:32] "GET /ventas/37/editar/ HTTP/1.1" 200 11309
[11/May/2026 16:17:46] "GET /pedidos/ HTTP/1.1" 200 24619
[11/May/2026 16:17:47] "GET /pedidos/61/editar/ HTTP/1.1" 200 26329
[11/May/2026 16:19:22] "GET / HTTP/1.1" 200 35624
[11/May/2026 16:19:49] "GET /admin/ HTTP/1.1" 200 9452
[11/May/2026 16:19:49] "GET /static/admin/css/base.css HTTP/1.1" 404 179
[11/May/2026 16:19:49] "GET /static/admin/css/dashboard.css HTTP/1.1" 404 179
[11/May/2026 16:19:49] "GET /static/admin/css/dark_mode.css HTTP/1.1" 404 179
[11/May/2026 16:19:49] "GET /static/admin/css/nav_sidebar.css HTTP/1.1" 404 179
[11/May/2026 16:19:49] "GET /static/admin/css/responsive.css HTTP/1.1" 404 179
[11/May/2026 16:19:49] "GET /static/admin/js/theme.js HTTP/1.1" 404 179
[11/May/2026 16:19:49] "GET /static/admin/js/nav_sidebar.js HTTP/1.1" 404 179
[11/May/2026 16:19:51] "GET /reclamos/ HTTP/1.1" 200 20639
[11/May/2026 16:19:53] "GET /reclamos/54/editar/ HTTP/1.1" 200 19104
[11/May/2026 16:19:56] "GET /ventas/ HTTP/1.1" 200 23390
[11/May/2026 16:19:58] "GET /pedidos/ HTTP/1.1" 200 24619
[11/May/2026 16:20:00] "GET /ventas/ HTTP/1.1" 200 23390
[11/May/2026 16:20:01] "GET /ventas/37/editar/ HTTP/1.1" 200 11309
[11/May/2026 16:20:03] "GET /pedidos/ HTTP/1.1" 200 24619
[11/May/2026 16:20:04] "GET /pedidos/61/editar/ HTTP/1.1" 200 26821
[11/May/2026 16:20:14] "POST /pedidos/61/editar/ HTTP/1.1" 302 0
[11/May/2026 16:20:14] "GET /pedidos/ HTTP/1.1" 200 24951
[11/May/2026 16:20:21] "GET / HTTP/1.1" 200 35624
[11/May/2026 16:20:30] "GET /clientes/ HTTP/1.1" 200 25406
[11/May/2026 16:20:31] "GET /productos/ HTTP/1.1" 200 26039
[11/May/2026 16:20:32] "GET /pedidos/ HTTP/1.1" 200 24619
[11/May/2026 16:20:32] "GET /productos/ HTTP/1.1" 200 26039
[11/May/2026 16:20:33] "GET /clientes/ HTTP/1.1" 200 25406
[11/May/2026 16:20:33] "GET / HTTP/1.1" 200 35624
[11/May/2026 16:21:08] "GET /clientes/ HTTP/1.1" 200 25406
[11/May/2026 16:21:09] "GET /clientes/86/editar/ HTTP/1.1" 200 10647
[11/May/2026 16:21:12] "GET /productos/ HTTP/1.1" 200 26039
[11/May/2026 16:21:14] "GET /productos/31/editar/ HTTP/1.1" 200 10624
[11/May/2026 16:21:16] "GET /pedidos/ HTTP/1.1" 200 24619
[11/May/2026 16:21:17] "GET /pedidos/61/editar/ HTTP/1.1" 200 26821
[11/May/2026 16:21:20] "GET /ventas/ HTTP/1.1" 200 23390
[11/May/2026 16:21:21] "GET /ventas/37/editar/ HTTP/1.1" 200 11309
[11/May/2026 16:21:27] "GET /reclamos/ HTTP/1.1" 200 20639
[11/May/2026 16:21:29] "GET /reclamos/54/editar/ HTTP/1.1" 200 19104
[11/May/2026 16:21:32] "GET /reclamos/ HTTP/1.1" 200 20639
[11/May/2026 16:21:36] "GET /reclamos/nuevo/ HTTP/1.1" 200 19081
[11/May/2026 16:21:45] "GET /reclamos/ HTTP/1.1" 200 20639
[11/May/2026 16:21:47] "GET / HTTP/1.1" 200 35624
[11/May/2026 16:50:16] "GET / HTTP/1.1" 302 0
[11/May/2026 16:50:16] "GET /usuarios/login/?next=/ HTTP/1.1" 200 14914
[11/May/2026 16:50:16,865] - Broken pipe from ('127.0.0.1', 61984)
[11/May/2026 16:50:47] "GET /usuarios/logout/ HTTP/1.1" 302 0
[11/May/2026 16:50:47] "GET /usuarios/login/ HTTP/1.1" 200 14914
[11/May/2026 16:50:54] "POST /usuarios/login/ HTTP/1.1" 302 0
[11/May/2026 16:50:54] "GET / HTTP/1.1" 200 44353
[11/May/2026 16:50:59] "GET /clientes/ HTTP/1.1" 200 34114
[11/May/2026 16:51:01] "GET /productos/ HTTP/1.1" 200 34747
[11/May/2026 16:51:02] "GET /pedidos/ HTTP/1.1" 200 33327
[11/May/2026 16:51:02] "GET /productos/ HTTP/1.1" 200 34747
[11/May/2026 16:51:03] "GET /clientes/ HTTP/1.1" 200 34114
[11/May/2026 16:51:03] "GET /productos/ HTTP/1.1" 200 34747
[11/May/2026 16:51:04] "GET / HTTP/1.1" 200 44353
[11/May/2026 16:51:18] "GET / HTTP/1.1" 200 44353
[11/May/2026 16:51:19] "GET / HTTP/1.1" 200 44353
[11/May/2026 16:51:20] "GET /productos/ HTTP/1.1" 200 34747
[11/May/2026 16:51:21] "GET /admin/ HTTP/1.1" 200 9452
[11/May/2026 16:51:21] "GET /static/admin/css/base.css HTTP/1.1" 404 179
[11/May/2026 16:51:21] "GET /static/admin/css/dark_mode.css HTTP/1.1" 404 179
[11/May/2026 16:51:21] "GET /static/admin/js/theme.js HTTP/1.1" 404 179
[11/May/2026 16:51:21] "GET /static/admin/css/responsive.css HTTP/1.1" 404 179
[11/May/2026 16:51:21] "GET /static/admin/css/nav_sidebar.css HTTP/1.1" 404 179
[11/May/2026 16:51:21] "GET /static/admin/css/dashboard.css HTTP/1.1" 404 179
[11/May/2026 16:51:21] "GET /static/admin/js/nav_sidebar.js HTTP/1.1" 404 179
[11/May/2026 16:51:23] "GET /reclamos/ HTTP/1.1" 200 29347
[11/May/2026 16:51:24] "GET /ventas/ HTTP/1.1" 200 32098
[11/May/2026 16:51:25] "GET /pedidos/ HTTP/1.1" 200 33327
[11/May/2026 16:51:25] "GET /productos/ HTTP/1.1" 200 34747
[11/May/2026 16:51:26] "GET /clientes/ HTTP/1.1" 200 34114
[11/May/2026 16:51:34] "GET /clientes/?q=NIT-1-5686&estado= HTTP/1.1" 200 19650
[11/May/2026 16:51:37] "GET /clientes/85/editar/ HTTP/1.1" 200 19355
[11/May/2026 16:51:39] "GET / HTTP/1.1" 200 44353
[11/May/2026 16:51:47] "GET /clientes/ HTTP/1.1" 200 34114
[11/May/2026 16:51:48] "GET /productos/ HTTP/1.1" 200 34747
[11/May/2026 16:51:48] "GET /pedidos/ HTTP/1.1" 200 33327
[11/May/2026 16:51:49] "GET /ventas/ HTTP/1.1" 200 32098
[11/May/2026 16:51:49] "GET /reclamos/ HTTP/1.1" 200 29347
[11/May/2026 16:51:52] "GET /ventas/ HTTP/1.1" 200 32098
[11/May/2026 16:51:52] "GET /pedidos/ HTTP/1.1" 200 33327
[11/May/2026 16:51:53] "GET /productos/ HTTP/1.1" 200 34747
[11/May/2026 16:51:53] "GET /clientes/ HTTP/1.1" 200 34114
[11/May/2026 16:51:53] "GET / HTTP/1.1" 200 44353
[11/May/2026 16:52:20] "GET /clientes/crear/ HTTP/1.1" 200 19288
[11/May/2026 16:52:41] "POST /clientes/crear/ HTTP/1.1" 302 0
[11/May/2026 16:52:41] "GET /clientes/ HTTP/1.1" 200 34453
[11/May/2026 16:52:45] "GET /clientes/87/editar/ HTTP/1.1" 200 19381
[11/May/2026 16:52:48] "POST /clientes/87/editar/ HTTP/1.1" 302 0
[11/May/2026 16:52:48] "GET /clientes/ HTTP/1.1" 200 34471
[11/May/2026 16:52:52] "POST /clientes/87/activar/ HTTP/1.1" 302 0
[11/May/2026 16:52:52] "GET /clientes/ HTTP/1.1" 200 34472
[11/May/2026 16:53:06] "GET / HTTP/1.1" 200 44353
[11/May/2026 16:53:32] "GET /clientes/ HTTP/1.1" 200 34122
[11/May/2026 16:53:33] "GET /productos/ HTTP/1.1" 200 34747
[11/May/2026 16:53:33] "GET /pedidos/ HTTP/1.1" 200 33327
[11/May/2026 16:53:35] "GET /pedidos/59/editar/ HTTP/1.1" 200 42404
[11/May/2026 16:53:44] "GET / HTTP/1.1" 200 44353
[11/May/2026 16:53:46] "GET /usuarios/logout/ HTTP/1.1" 302 0
[11/May/2026 16:53:46] "GET /usuarios/login/ HTTP/1.1" 200 14914
[11/May/2026 16:54:33] "GET /usuarios/login/ HTTP/1.1" 200 14914
[11/May/2026 16:54:34] "GET /usuarios/login/ HTTP/1.1" 200 14914
